[2024-11-22T07:59:35.391+0000] {local_task_job_runner.py:123} INFO - ::group::Pre task execution logs
[2024-11-22T07:59:35.407+0000] {taskinstance.py:2613} INFO - Dependencies all met for dep_context=non-requeueable deps ti=<TaskInstance: conditional_dataset_and_time_based_timetable.conditional_dataset_and_time_based_timetable scheduled__2024-11-20T01:00:00+00:00 [queued]>
[2024-11-22T07:59:35.416+0000] {taskinstance.py:2613} INFO - Dependencies all met for dep_context=requeueable deps ti=<TaskInstance: conditional_dataset_and_time_based_timetable.conditional_dataset_and_time_based_timetable scheduled__2024-11-20T01:00:00+00:00 [queued]>
[2024-11-22T07:59:35.416+0000] {taskinstance.py:2866} INFO - Starting attempt 1 of 1
[2024-11-22T07:59:35.431+0000] {taskinstance.py:2889} INFO - Executing <Task(BashOperator): conditional_dataset_and_time_based_timetable> on 2024-11-20 01:00:00+00:00
[2024-11-22T07:59:35.438+0000] {warnings.py:112} WARNING - /home/***/.local/lib/python3.12/site-packages/***/task/task_runner/standard_task_runner.py:70: DeprecationWarning: This process (pid=98) is multi-threaded, use of fork() may lead to deadlocks in the child.
  pid = os.fork()

[2024-11-22T07:59:35.441+0000] {standard_task_runner.py:72} INFO - Started process 100 to run task
[2024-11-22T07:59:35.440+0000] {standard_task_runner.py:104} INFO - Running: ['***', 'tasks', 'run', 'conditional_dataset_and_time_based_timetable', 'conditional_dataset_and_time_based_timetable', 'scheduled__2024-11-20T01:00:00+00:00', '--job-id', '6', '--raw', '--subdir', '/home/***/.local/lib/python3.12/site-packages/***/example_dags/example_datasets.py', '--cfg-path', '/tmp/tmpcijfmnq8']
[2024-11-22T07:59:35.442+0000] {standard_task_runner.py:105} INFO - Job 6: Subtask conditional_dataset_and_time_based_timetable
[2024-11-22T07:59:35.498+0000] {task_command.py:467} INFO - Running <TaskInstance: conditional_dataset_and_time_based_timetable.conditional_dataset_and_time_based_timetable scheduled__2024-11-20T01:00:00+00:00 [running]> on host 2727effd85af
[2024-11-22T07:59:35.579+0000] {taskinstance.py:3132} INFO - Exporting env vars: AIRFLOW_CTX_DAG_OWNER='***' AIRFLOW_CTX_DAG_ID='conditional_dataset_and_time_based_timetable' AIRFLOW_CTX_TASK_ID='conditional_dataset_and_time_based_timetable' AIRFLOW_CTX_EXECUTION_DATE='2024-11-20T01:00:00+00:00' AIRFLOW_CTX_TRY_NUMBER='1' AIRFLOW_CTX_DAG_RUN_ID='scheduled__2024-11-20T01:00:00+00:00'
[2024-11-22T07:59:35.581+0000] {logging_mixin.py:190} INFO - Task instance is in running state
[2024-11-22T07:59:35.582+0000] {logging_mixin.py:190} INFO -  Previous state of the Task instance: queued
[2024-11-22T07:59:35.582+0000] {logging_mixin.py:190} INFO - Current task name:conditional_dataset_and_time_based_timetable state:running start_date:2024-11-22 07:59:35.408280+00:00
[2024-11-22T07:59:35.582+0000] {logging_mixin.py:190} INFO - Dag name:conditional_dataset_and_time_based_timetable and current dag run status:running
[2024-11-22T07:59:35.582+0000] {taskinstance.py:731} INFO - ::endgroup::
[2024-11-22T07:59:35.584+0000] {subprocess.py:78} INFO - Tmp dir root location: /tmp
[2024-11-22T07:59:35.585+0000] {subprocess.py:88} INFO - Running command: ['/usr/bin/bash', '-c', 'sleep 5']
[2024-11-22T07:59:35.595+0000] {subprocess.py:99} INFO - Output:
[2024-11-22T07:59:40.598+0000] {subprocess.py:110} INFO - Command exited with return code 0
[2024-11-22T07:59:40.636+0000] {taskinstance.py:340} INFO - ::group::Post task execution logs
[2024-11-22T07:59:40.637+0000] {taskinstance.py:352} INFO - Marking task as SUCCESS. dag_id=conditional_dataset_and_time_based_timetable, task_id=conditional_dataset_and_time_based_timetable, run_id=scheduled__2024-11-20T01:00:00+00:00, execution_date=20241120T010000, start_date=20241122T075935, end_date=20241122T075940
[2024-11-22T07:59:40.909+0000] {logging_mixin.py:190} INFO - Task instance in success state
[2024-11-22T07:59:40.910+0000] {logging_mixin.py:190} INFO -  Previous state of the Task instance: running
[2024-11-22T07:59:40.910+0000] {logging_mixin.py:190} INFO - Dag name:conditional_dataset_and_time_based_timetable queued_at:2024-11-22 07:59:33.983490+00:00
[2024-11-22T07:59:40.911+0000] {logging_mixin.py:190} INFO - Task hostname:2727effd85af operator:BashOperator
[2024-11-22T07:59:40.957+0000] {local_task_job_runner.py:266} INFO - Task exited with return code 0
[2024-11-22T07:59:40.974+0000] {taskinstance.py:3895} INFO - 0 downstream tasks scheduled from follow-on schedule check
[2024-11-22T07:59:40.977+0000] {local_task_job_runner.py:245} INFO - ::endgroup::
