[2024-11-22T07:59:39.786+0000] {local_task_job_runner.py:123} INFO - ::group::Pre task execution logs
[2024-11-22T07:59:39.813+0000] {taskinstance.py:2613} INFO - Dependencies all met for dep_context=non-requeueable deps ti=<TaskInstance: conditional_dataset_and_time_based_timetable.conditional_dataset_and_time_based_timetable manual__2024-11-22T07:59:37.522220+00:00 [queued]>
[2024-11-22T07:59:39.827+0000] {taskinstance.py:2613} INFO - Dependencies all met for dep_context=requeueable deps ti=<TaskInstance: conditional_dataset_and_time_based_timetable.conditional_dataset_and_time_based_timetable manual__2024-11-22T07:59:37.522220+00:00 [queued]>
[2024-11-22T07:59:39.828+0000] {taskinstance.py:2866} INFO - Starting attempt 1 of 1
[2024-11-22T07:59:39.851+0000] {taskinstance.py:2889} INFO - Executing <Task(BashOperator): conditional_dataset_and_time_based_timetable> on 2024-11-22 07:59:37.522220+00:00
[2024-11-22T07:59:39.863+0000] {warnings.py:112} WARNING - /home/***/.local/lib/python3.12/site-packages/***/task/task_runner/standard_task_runner.py:70: DeprecationWarning: This process (pid=103) is multi-threaded, use of fork() may lead to deadlocks in the child.
  pid = os.fork()

[2024-11-22T07:59:39.867+0000] {standard_task_runner.py:104} INFO - Running: ['***', 'tasks', 'run', 'conditional_dataset_and_time_based_timetable', 'conditional_dataset_and_time_based_timetable', 'manual__2024-11-22T07:59:37.522220+00:00', '--job-id', '7', '--raw', '--subdir', '/home/***/.local/lib/python3.12/site-packages/***/example_dags/example_datasets.py', '--cfg-path', '/tmp/tmp8e_yggps']
[2024-11-22T07:59:39.871+0000] {standard_task_runner.py:105} INFO - Job 7: Subtask conditional_dataset_and_time_based_timetable
[2024-11-22T07:59:39.867+0000] {standard_task_runner.py:72} INFO - Started process 105 to run task
[2024-11-22T07:59:40.291+0000] {task_command.py:467} INFO - Running <TaskInstance: conditional_dataset_and_time_based_timetable.conditional_dataset_and_time_based_timetable manual__2024-11-22T07:59:37.522220+00:00 [running]> on host 2727effd85af
[2024-11-22T07:59:40.410+0000] {taskinstance.py:3132} INFO - Exporting env vars: AIRFLOW_CTX_DAG_OWNER='***' AIRFLOW_CTX_DAG_ID='conditional_dataset_and_time_based_timetable' AIRFLOW_CTX_TASK_ID='conditional_dataset_and_time_based_timetable' AIRFLOW_CTX_EXECUTION_DATE='2024-11-22T07:59:37.522220+00:00' AIRFLOW_CTX_TRY_NUMBER='1' AIRFLOW_CTX_DAG_RUN_ID='manual__2024-11-22T07:59:37.522220+00:00'
[2024-11-22T07:59:40.413+0000] {logging_mixin.py:190} INFO - Task instance is in running state
[2024-11-22T07:59:40.414+0000] {logging_mixin.py:190} INFO -  Previous state of the Task instance: queued
[2024-11-22T07:59:40.414+0000] {logging_mixin.py:190} INFO - Current task name:conditional_dataset_and_time_based_timetable state:running start_date:2024-11-22 07:59:39.814485+00:00
[2024-11-22T07:59:40.415+0000] {logging_mixin.py:190} INFO - Dag name:conditional_dataset_and_time_based_timetable and current dag run status:running
[2024-11-22T07:59:40.416+0000] {taskinstance.py:731} INFO - ::endgroup::
[2024-11-22T07:59:40.417+0000] {subprocess.py:78} INFO - Tmp dir root location: /tmp
[2024-11-22T07:59:40.419+0000] {subprocess.py:88} INFO - Running command: ['/usr/bin/bash', '-c', 'sleep 5']
[2024-11-22T07:59:40.447+0000] {subprocess.py:99} INFO - Output:
[2024-11-22T07:59:45.452+0000] {subprocess.py:110} INFO - Command exited with return code 0
[2024-11-22T07:59:45.485+0000] {taskinstance.py:340} INFO - ::group::Post task execution logs
[2024-11-22T07:59:45.486+0000] {taskinstance.py:352} INFO - Marking task as SUCCESS. dag_id=conditional_dataset_and_time_based_timetable, task_id=conditional_dataset_and_time_based_timetable, run_id=manual__2024-11-22T07:59:37.522220+00:00, execution_date=20241122T075937, start_date=20241122T075939, end_date=20241122T075945
[2024-11-22T07:59:45.809+0000] {logging_mixin.py:190} INFO - Task instance in success state
[2024-11-22T07:59:45.809+0000] {logging_mixin.py:190} INFO -  Previous state of the Task instance: running
[2024-11-22T07:59:45.810+0000] {logging_mixin.py:190} INFO - Dag name:conditional_dataset_and_time_based_timetable queued_at:2024-11-22 07:59:37.542669+00:00
[2024-11-22T07:59:45.810+0000] {logging_mixin.py:190} INFO - Task hostname:2727effd85af operator:BashOperator
[2024-11-22T07:59:45.841+0000] {local_task_job_runner.py:266} INFO - Task exited with return code 0
[2024-11-22T07:59:45.854+0000] {taskinstance.py:3895} INFO - 0 downstream tasks scheduled from follow-on schedule check
[2024-11-22T07:59:45.856+0000] {local_task_job_runner.py:245} INFO - ::endgroup::
